ChatDemoUI3.0/build/outputs/logs/manifest-merger-debug-report.txt
-- Merging decision tree log ---
manifest
ADDED from ease_ui/ChatDemoUI3.0/AndroidManifest.xml:2:1-331:12
	package
		ADDED from ease_ui/ChatDemoUI3.0/AndroidManifest.xml:4:5-39
		INJECTED from ease_ui/ChatDemoUI3.0/AndroidManifest.xml
		INJECTED from ease_ui/ChatDemoUI3.0/AndroidManifest.xml
	android:versionName
		ADDED from ease_ui/ChatDemoUI3.0/AndroidManifest.xml:6:5-32
		INJECTED from ease_ui/ChatDemoUI3.0/AndroidManifest.xml
		INJECTED from ease_ui/ChatDemoUI3.0/AndroidManifest.xml
	xmlns:tools
		ADDED from ease_ui/ChatDemoUI3.0/AndroidManifest.xml:3:5-51
	android:versionCode
		ADDED from ease_ui/ChatDemoUI3.0/AndroidManifest.xml:5:5-29
		INJECTED from ease_ui/ChatDemoUI3.0/AndroidManifest.xml
		INJECTED from ease_ui/ChatDemoUI3.0/AndroidManifest.xml
	xmlns:android
		ADDED from ease_ui/ChatDemoUI3.0/AndroidManifest.xml:2:11-69
uses-sdk
ADDED from ease_ui/ChatDemoUI3.0/AndroidManifest.xml:8:5-11:59
MERGED from [com.android.support:multidex:1.0.1] AndroidManifest.xml:18:5-42
MERGED from [ChatDemoUI3.0:EaseUI:unspecified] AndroidManifest.xml:7:5-9:41
	tools:overrideLibrary
		ADDED from ease_ui/ChatDemoUI3.0/AndroidManifest.xml:11:9-56
	android:targetSdkVersion
		ADDED from ease_ui/ChatDemoUI3.0/AndroidManifest.xml:10:9-38
		INJECTED from ease_ui/ChatDemoUI3.0/AndroidManifest.xml
		INJECTED from ease_ui/ChatDemoUI3.0/AndroidManifest.xml
	android:minSdkVersion
		ADDED from ease_ui/ChatDemoUI3.0/AndroidManifest.xml:9:9-35
		INJECTED from ease_ui/ChatDemoUI3.0/AndroidManifest.xml
		INJECTED from ease_ui/ChatDemoUI3.0/AndroidManifest.xml
uses-permission#android.permission.VIBRATE
ADDED from ease_ui/ChatDemoUI3.0/AndroidManifest.xml:13:5-66
	android:name
		ADDED from ease_ui/ChatDemoUI3.0/AndroidManifest.xml:13:22-63
uses-permission#android.permission.INTERNET
ADDED from ease_ui/ChatDemoUI3.0/AndroidManifest.xml:14:5-67
	android:name
		ADDED from ease_ui/ChatDemoUI3.0/AndroidManifest.xml:14:22-64
uses-permission#android.permission.RECORD_AUDIO
ADDED from ease_ui/ChatDemoUI3.0/AndroidManifest.xml:15:5-71
	android:name
		ADDED from ease_ui/ChatDemoUI3.0/AndroidManifest.xml:15:22-68
uses-permission#android.permission.CAMERA
ADDED from ease_ui/ChatDemoUI3.0/AndroidManifest.xml:16:5-65
	android:name
		ADDED from ease_ui/ChatDemoUI3.0/AndroidManifest.xml:16:22-62
uses-permission#android.permission.ACCESS_NETWORK_STATE
ADDED from ease_ui/ChatDemoUI3.0/AndroidManifest.xml:17:5-79
	android:name
		ADDED from ease_ui/ChatDemoUI3.0/AndroidManifest.xml:17:22-76
uses-permission#android.permission.WRITE_EXTERNAL_STORAGE
ADDED from ease_ui/ChatDemoUI3.0/AndroidManifest.xml:18:5-81
	android:name
		ADDED from ease_ui/ChatDemoUI3.0/AndroidManifest.xml:18:22-78
uses-permission#android.permission.MOUNT_UNMOUNT_FILESYSTEMS
ADDED from ease_ui/ChatDemoUI3.0/AndroidManifest.xml:19:5-84
	android:name
		ADDED from ease_ui/ChatDemoUI3.0/AndroidManifest.xml:19:22-81
uses-permission#android.permission.ACCESS_FINE_LOCATION
ADDED from ease_ui/ChatDemoUI3.0/AndroidManifest.xml:20:5-79
	android:name
		ADDED from ease_ui/ChatDemoUI3.0/AndroidManifest.xml:20:22-76
uses-permission#android.permission.GET_TASKS
ADDED from ease_ui/ChatDemoUI3.0/AndroidManifest.xml:21:5-68
	android:name
		ADDED from ease_ui/ChatDemoUI3.0/AndroidManifest.xml:21:22-65
uses-permission#android.permission.ACCESS_WIFI_STATE
ADDED from ease_ui/ChatDemoUI3.0/AndroidManifest.xml:22:5-76
	android:name
		ADDED from ease_ui/ChatDemoUI3.0/AndroidManifest.xml:22:22-73
uses-permission#android.permission.CHANGE_WIFI_STATE
ADDED from ease_ui/ChatDemoUI3.0/AndroidManifest.xml:23:5-76
	android:name
		ADDED from ease_ui/ChatDemoUI3.0/AndroidManifest.xml:23:22-73
uses-permission#android.permission.WAKE_LOCK
ADDED from ease_ui/ChatDemoUI3.0/AndroidManifest.xml:24:5-68
	android:name
		ADDED from ease_ui/ChatDemoUI3.0/AndroidManifest.xml:24:22-65
uses-permission#android.permission.MODIFY_AUDIO_SETTINGS
ADDED from ease_ui/ChatDemoUI3.0/AndroidManifest.xml:25:5-80
	android:name
		ADDED from ease_ui/ChatDemoUI3.0/AndroidManifest.xml:25:22-77
uses-permission#android.permission.READ_PHONE_STATE
ADDED from ease_ui/ChatDemoUI3.0/AndroidManifest.xml:26:5-75
	android:name
		ADDED from ease_ui/ChatDemoUI3.0/AndroidManifest.xml:26:22-72
uses-permission#android.permission.RECEIVE_BOOT_COMPLETED
ADDED from ease_ui/ChatDemoUI3.0/AndroidManifest.xml:27:5-81
	android:name
		ADDED from ease_ui/ChatDemoUI3.0/AndroidManifest.xml:27:22-78
uses-permission#android.permission.USE_CREDENTIALS
ADDED from ease_ui/ChatDemoUI3.0/AndroidManifest.xml:28:5-74
	android:name
		ADDED from ease_ui/ChatDemoUI3.0/AndroidManifest.xml:28:22-71
uses-permission#com.android.launcher.permission.READ_SETTINGS
ADDED from ease_ui/ChatDemoUI3.0/AndroidManifest.xml:29:5-85
	android:name
		ADDED from ease_ui/ChatDemoUI3.0/AndroidManifest.xml:29:22-82
uses-permission#android.permission.BROADCAST_STICKY
ADDED from ease_ui/ChatDemoUI3.0/AndroidManifest.xml:30:5-75
	android:name
		ADDED from ease_ui/ChatDemoUI3.0/AndroidManifest.xml:30:22-72
uses-permission#android.permission.WRITE_SETTINGS
ADDED from ease_ui/ChatDemoUI3.0/AndroidManifest.xml:31:5-73
	android:name
		ADDED from ease_ui/ChatDemoUI3.0/AndroidManifest.xml:31:22-70
uses-permission#android.permission.REQUEST_IGNORE_BATTERY_OPTIMIZATIONS
ADDED from ease_ui/ChatDemoUI3.0/AndroidManifest.xml:32:5-95
	android:name
		ADDED from ease_ui/ChatDemoUI3.0/AndroidManifest.xml:32:22-92
uses-permission#com.google.android.c2dm.permission.RECEIVE
ADDED from ease_ui/ChatDemoUI3.0/AndroidManifest.xml:35:5-82
	android:name
		ADDED from ease_ui/ChatDemoUI3.0/AndroidManifest.xml:35:22-79
permission#com.hyphenate.chatuidemo.permission.C2D_MESSAGE
ADDED from ease_ui/ChatDemoUI3.0/AndroidManifest.xml:37:5-39:47
	android:protectionLevel
		ADDED from ease_ui/ChatDemoUI3.0/AndroidManifest.xml:39:9-44
	android:name
		ADDED from ease_ui/ChatDemoUI3.0/AndroidManifest.xml:38:9-71
uses-permission#com.hyphenate.chatuidemo.permission.C2D_MESSAGE
ADDED from ease_ui/ChatDemoUI3.0/AndroidManifest.xml:41:5-87
	android:name
		ADDED from ease_ui/ChatDemoUI3.0/AndroidManifest.xml:41:22-84
permission#com.hyphenate.chatuidemo.permission.MIPUSH_RECEIVE
ADDED from ease_ui/ChatDemoUI3.0/AndroidManifest.xml:43:5-45:55
	android:protectionLevel
		ADDED from ease_ui/ChatDemoUI3.0/AndroidManifest.xml:45:9-52
	android:name
		ADDED from ease_ui/ChatDemoUI3.0/AndroidManifest.xml:44:9-74
uses-permission#com.hyphenate.chatuidemo.permission.MIPUSH_RECEIVE
ADDED from ease_ui/ChatDemoUI3.0/AndroidManifest.xml:47:5-90
	android:name
		ADDED from ease_ui/ChatDemoUI3.0/AndroidManifest.xml:47:22-87
application
ADDED from ease_ui/ChatDemoUI3.0/AndroidManifest.xml:49:5-329:19
	android:label
		ADDED from ease_ui/ChatDemoUI3.0/AndroidManifest.xml:53:9-41
	android:allowBackup
		ADDED from ease_ui/ChatDemoUI3.0/AndroidManifest.xml:51:9-35
	android:icon
		ADDED from ease_ui/ChatDemoUI3.0/AndroidManifest.xml:52:9-42
	android:name
		ADDED from ease_ui/ChatDemoUI3.0/AndroidManifest.xml:50:9-40
activity#com.hyphenate.chatuidemo.ui.MainActivity
ADDED from ease_ui/ChatDemoUI3.0/AndroidManifest.xml:54:9-59:55
	android:screenOrientation
		ADDED from ease_ui/ChatDemoUI3.0/AndroidManifest.xml:57:13-49
	android:launchMode
		ADDED from ease_ui/ChatDemoUI3.0/AndroidManifest.xml:56:13-44
	android:windowSoftInputMode
		ADDED from ease_ui/ChatDemoUI3.0/AndroidManifest.xml:59:13-52
	android:theme
		ADDED from ease_ui/ChatDemoUI3.0/AndroidManifest.xml:58:13-52
	android:name
		ADDED from ease_ui/ChatDemoUI3.0/AndroidManifest.xml:55:13-44
activity#com.hyphenate.chatuidemo.ui.SplashActivity
ADDED from ease_ui/ChatDemoUI3.0/AndroidManifest.xml:62:9-71:20
	android:screenOrientation
		ADDED from ease_ui/ChatDemoUI3.0/AndroidManifest.xml:64:13-49
	android:theme
		ADDED from ease_ui/ChatDemoUI3.0/AndroidManifest.xml:65:13-52
	android:name
		ADDED from ease_ui/ChatDemoUI3.0/AndroidManifest.xml:63:13-46
intent-filter#android.intent.action.MAIN+android.intent.category.LAUNCHER
ADDED from ease_ui/ChatDemoUI3.0/AndroidManifest.xml:66:13-70:29
action#android.intent.action.MAIN
ADDED from ease_ui/ChatDemoUI3.0/AndroidManifest.xml:67:17-69
	android:name
		ADDED from ease_ui/ChatDemoUI3.0/AndroidManifest.xml:67:25-66
category#android.intent.category.LAUNCHER
ADDED from ease_ui/ChatDemoUI3.0/AndroidManifest.xml:69:17-77
	android:name
		ADDED from ease_ui/ChatDemoUI3.0/AndroidManifest.xml:69:27-74
activity#com.hyphenate.chatuidemo.ui.LoginActivity
ADDED from ease_ui/ChatDemoUI3.0/AndroidManifest.xml:74:9-78:71
	android:screenOrientation
		ADDED from ease_ui/ChatDemoUI3.0/AndroidManifest.xml:76:13-49
	android:windowSoftInputMode
		ADDED from ease_ui/ChatDemoUI3.0/AndroidManifest.xml:78:13-68
	android:theme
		ADDED from ease_ui/ChatDemoUI3.0/AndroidManifest.xml:77:13-52
	android:name
		ADDED from ease_ui/ChatDemoUI3.0/AndroidManifest.xml:75:13-45
activity#com.hyphenate.chatuidemo.ui.RegisterActivity
ADDED from ease_ui/ChatDemoUI3.0/AndroidManifest.xml:81:9-85:71
	android:screenOrientation
		ADDED from ease_ui/ChatDemoUI3.0/AndroidManifest.xml:83:13-49
	android:windowSoftInputMode
		ADDED from ease_ui/ChatDemoUI3.0/AndroidManifest.xml:85:13-68
	android:theme
		ADDED from ease_ui/ChatDemoUI3.0/AndroidManifest.xml:84:13-52
	android:name
		ADDED from ease_ui/ChatDemoUI3.0/AndroidManifest.xml:82:13-48
activity#com.hyphenate.chatuidemo.ui.ChatActivity
ADDED from ease_ui/ChatDemoUI3.0/AndroidManifest.xml:87:9-92:58
	android:screenOrientation
		ADDED from ease_ui/ChatDemoUI3.0/AndroidManifest.xml:90:13-49
	android:launchMode
		ADDED from ease_ui/ChatDemoUI3.0/AndroidManifest.xml:89:13-44
	android:windowSoftInputMode
		ADDED from ease_ui/ChatDemoUI3.0/AndroidManifest.xml:92:13-55
	android:theme
		ADDED from ease_ui/ChatDemoUI3.0/AndroidManifest.xml:91:13-52
	android:name
		ADDED from ease_ui/ChatDemoUI3.0/AndroidManifest.xml:88:13-44
activity#com.hyphenate.chatuidemo.ui.AddContactActivity
ADDED from ease_ui/ChatDemoUI3.0/AndroidManifest.xml:94:9-98:58
	android:screenOrientation
		ADDED from ease_ui/ChatDemoUI3.0/AndroidManifest.xml:96:13-49
	android:windowSoftInputMode
		ADDED from ease_ui/ChatDemoUI3.0/AndroidManifest.xml:98:13-55
	android:theme
		ADDED from ease_ui/ChatDemoUI3.0/AndroidManifest.xml:97:13-52
	android:name
		ADDED from ease_ui/ChatDemoUI3.0/AndroidManifest.xml:95:13-50
activity#com.hyphenate.chatuidemo.ui.GroupDetailsActivity
ADDED from ease_ui/ChatDemoUI3.0/AndroidManifest.xml:100:9-103:55
	android:screenOrientation
		ADDED from ease_ui/ChatDemoUI3.0/AndroidManifest.xml:102:13-49
	android:theme
		ADDED from ease_ui/ChatDemoUI3.0/AndroidManifest.xml:103:13-52
	android:name
		ADDED from ease_ui/ChatDemoUI3.0/AndroidManifest.xml:101:13-52
activity#com.hyphenate.chatuidemo.ui.GroupsActivity
ADDED from ease_ui/ChatDemoUI3.0/AndroidManifest.xml:105:9-109:55
	android:screenOrientation
		ADDED from ease_ui/ChatDemoUI3.0/AndroidManifest.xml:107:13-49
	android:windowSoftInputMode
		ADDED from ease_ui/ChatDemoUI3.0/AndroidManifest.xml:109:13-52
	android:theme
		ADDED from ease_ui/ChatDemoUI3.0/AndroidManifest.xml:108:13-52
	android:name
		ADDED from ease_ui/ChatDemoUI3.0/AndroidManifest.xml:106:13-46
activity#com.hyphenate.chatuidemo.ui.NewGroupActivity
ADDED from ease_ui/ChatDemoUI3.0/AndroidManifest.xml:112:9-116:55
	android:screenOrientation
		ADDED from ease_ui/ChatDemoUI3.0/AndroidManifest.xml:114:13-49
	android:windowSoftInputMode
		ADDED from ease_ui/ChatDemoUI3.0/AndroidManifest.xml:116:13-52
	android:theme
		ADDED from ease_ui/ChatDemoUI3.0/AndroidManifest.xml:115:13-52
	android:name
		ADDED from ease_ui/ChatDemoUI3.0/AndroidManifest.xml:113:13-48
activity#com.hyphenate.chatuidemo.ui.ExitGroupDialog
ADDED from ease_ui/ChatDemoUI3.0/AndroidManifest.xml:118:9-121:58
	android:screenOrientation
		ADDED from ease_ui/ChatDemoUI3.0/AndroidManifest.xml:120:13-49
	android:theme
		ADDED from ease_ui/ChatDemoUI3.0/AndroidManifest.xml:121:13-55
	android:name
		ADDED from ease_ui/ChatDemoUI3.0/AndroidManifest.xml:119:13-47
activity#com.hyphenate.chatuidemo.ui.GroupPickContactsActivity
ADDED from ease_ui/ChatDemoUI3.0/AndroidManifest.xml:123:9-127:55
	android:screenOrientation
		ADDED from ease_ui/ChatDemoUI3.0/AndroidManifest.xml:125:13-49
	android:windowSoftInputMode
		ADDED from ease_ui/ChatDemoUI3.0/AndroidManifest.xml:127:13-52
	android:theme
		ADDED from ease_ui/ChatDemoUI3.0/AndroidManifest.xml:126:13-52
	android:name
		ADDED from ease_ui/ChatDemoUI3.0/AndroidManifest.xml:124:13-57
activity#com.hyphenate.chatuidemo.ui.NewFriendsMsgActivity
ADDED from ease_ui/ChatDemoUI3.0/AndroidManifest.xml:130:9-133:55
	android:screenOrientation
		ADDED from ease_ui/ChatDemoUI3.0/AndroidManifest.xml:132:13-49
	android:theme
		ADDED from ease_ui/ChatDemoUI3.0/AndroidManifest.xml:133:13-52
	android:name
		ADDED from ease_ui/ChatDemoUI3.0/AndroidManifest.xml:131:13-53
activity#com.hyphenate.easeui.ui.EaseShowBigImageActivity
ADDED from ease_ui/ChatDemoUI3.0/AndroidManifest.xml:135:9-138:55
	android:screenOrientation
		ADDED from ease_ui/ChatDemoUI3.0/AndroidManifest.xml:137:13-49
	android:theme
		ADDED from ease_ui/ChatDemoUI3.0/AndroidManifest.xml:138:13-52
	android:name
		ADDED from ease_ui/ChatDemoUI3.0/AndroidManifest.xml:136:13-76
activity#com.hyphenate.easeui.ui.EaseShowNormalFileActivity
ADDED from ease_ui/ChatDemoUI3.0/AndroidManifest.xml:140:9-143:55
	android:screenOrientation
		ADDED from ease_ui/ChatDemoUI3.0/AndroidManifest.xml:142:13-49
	android:theme
		ADDED from ease_ui/ChatDemoUI3.0/AndroidManifest.xml:143:13-52
	android:name
		ADDED from ease_ui/ChatDemoUI3.0/AndroidManifest.xml:141:13-78
activity#com.hyphenate.chatuidemo.ui.UserProfileActivity
ADDED from ease_ui/ChatDemoUI3.0/AndroidManifest.xml:145:9-148:55
	android:screenOrientation
		ADDED from ease_ui/ChatDemoUI3.0/AndroidManifest.xml:147:13-49
	android:theme
		ADDED from ease_ui/ChatDemoUI3.0/AndroidManifest.xml:148:13-52
	android:name
		ADDED from ease_ui/ChatDemoUI3.0/AndroidManifest.xml:146:13-51
activity#com.hyphenate.chatuidemo.ui.GroupSearchMessageActivity
ADDED from ease_ui/ChatDemoUI3.0/AndroidManifest.xml:149:9-153:58
	android:screenOrientation
		ADDED from ease_ui/ChatDemoUI3.0/AndroidManifest.xml:151:13-49
	android:windowSoftInputMode
		ADDED from ease_ui/ChatDemoUI3.0/AndroidManifest.xml:153:13-55
	android:theme
		ADDED from ease_ui/ChatDemoUI3.0/AndroidManifest.xml:152:13-52
	android:name
		ADDED from ease_ui/ChatDemoUI3.0/AndroidManifest.xml:150:13-58
activity#com.hyphenate.chatuidemo.ui.EditActivity
ADDED from ease_ui/ChatDemoUI3.0/AndroidManifest.xml:154:9-158:58
	android:screenOrientation
		ADDED from ease_ui/ChatDemoUI3.0/AndroidManifest.xml:156:13-49
	android:windowSoftInputMode
		ADDED from ease_ui/ChatDemoUI3.0/AndroidManifest.xml:158:13-55
	android:theme
		ADDED from ease_ui/ChatDemoUI3.0/AndroidManifest.xml:157:13-52
	android:name
		ADDED from ease_ui/ChatDemoUI3.0/AndroidManifest.xml:155:13-44
activity#com.hyphenate.easeui.ui.EaseShowVideoActivity
ADDED from ease_ui/ChatDemoUI3.0/AndroidManifest.xml:159:9-163:63
	android:screenOrientation
		ADDED from ease_ui/ChatDemoUI3.0/AndroidManifest.xml:161:13-49
	android:windowSoftInputMode
		ADDED from ease_ui/ChatDemoUI3.0/AndroidManifest.xml:163:13-60
	android:theme
		ADDED from ease_ui/ChatDemoUI3.0/AndroidManifest.xml:162:13-52
	android:name
		ADDED from ease_ui/ChatDemoUI3.0/AndroidManifest.xml:160:13-73
activity#com.hyphenate.chatuidemo.ui.ImageGridActivity
ADDED from ease_ui/ChatDemoUI3.0/AndroidManifest.xml:165:9-169:63
	android:screenOrientation
		ADDED from ease_ui/ChatDemoUI3.0/AndroidManifest.xml:167:13-49
	android:windowSoftInputMode
		ADDED from ease_ui/ChatDemoUI3.0/AndroidManifest.xml:169:13-60
	android:theme
		ADDED from ease_ui/ChatDemoUI3.0/AndroidManifest.xml:168:13-52
	android:name
		ADDED from ease_ui/ChatDemoUI3.0/AndroidManifest.xml:166:13-49
activity#com.hyphenate.chatuidemo.ui.RecorderVideoActivity
ADDED from ease_ui/ChatDemoUI3.0/AndroidManifest.xml:170:9-174:63
	android:screenOrientation
		ADDED from ease_ui/ChatDemoUI3.0/AndroidManifest.xml:172:13-49
	android:windowSoftInputMode
		ADDED from ease_ui/ChatDemoUI3.0/AndroidManifest.xml:174:13-60
	android:theme
		ADDED from ease_ui/ChatDemoUI3.0/AndroidManifest.xml:173:13-52
	android:name
		ADDED from ease_ui/ChatDemoUI3.0/AndroidManifest.xml:171:13-53
receiver#com.hyphenate.chatuidemo.receiver.StartServiceReceiver
ADDED from ease_ui/ChatDemoUI3.0/AndroidManifest.xml:176:9-183:20
	android:name
		ADDED from ease_ui/ChatDemoUI3.0/AndroidManifest.xml:176:19-64
intent-filter#android.intent.action.BOOT_COMPLETED+android.intent.action.QUICKBOOT_POWERON+android.intent.category.LAUNCHER
ADDED from ease_ui/ChatDemoUI3.0/AndroidManifest.xml:177:13-182:29
	android:priority
		ADDED from ease_ui/ChatDemoUI3.0/AndroidManifest.xml:177:28-51
action#android.intent.action.BOOT_COMPLETED
ADDED from ease_ui/ChatDemoUI3.0/AndroidManifest.xml:178:17-79
	android:name
		ADDED from ease_ui/ChatDemoUI3.0/AndroidManifest.xml:178:25-76
action#android.intent.action.QUICKBOOT_POWERON
ADDED from ease_ui/ChatDemoUI3.0/AndroidManifest.xml:179:17-82
	android:name
		ADDED from ease_ui/ChatDemoUI3.0/AndroidManifest.xml:179:25-79
receiver#com.hyphenate.chat.EMGCMBroadcastReceiver
ADDED from ease_ui/ChatDemoUI3.0/AndroidManifest.xml:186:9-195:20
	android:exported
		ADDED from ease_ui/ChatDemoUI3.0/AndroidManifest.xml:188:13-36
	android:permission
		ADDED from ease_ui/ChatDemoUI3.0/AndroidManifest.xml:189:13-73
	android:name
		ADDED from ease_ui/ChatDemoUI3.0/AndroidManifest.xml:187:13-69
intent-filter#com.google.android.c2dm.intent.RECEIVE+com.hyphenate.chatuidemo
ADDED from ease_ui/ChatDemoUI3.0/AndroidManifest.xml:190:13-194:29
action#com.google.android.c2dm.intent.RECEIVE
ADDED from ease_ui/ChatDemoUI3.0/AndroidManifest.xml:191:17-81
	android:name
		ADDED from ease_ui/ChatDemoUI3.0/AndroidManifest.xml:191:25-78
category#com.hyphenate.chatuidemo
ADDED from ease_ui/ChatDemoUI3.0/AndroidManifest.xml:193:17-69
	android:name
		ADDED from ease_ui/ChatDemoUI3.0/AndroidManifest.xml:193:27-66
service#com.hyphenate.chat.EMGCMListenerService
ADDED from ease_ui/ChatDemoUI3.0/AndroidManifest.xml:197:9-199:40
	android:exported
		ADDED from ease_ui/ChatDemoUI3.0/AndroidManifest.xml:199:13-37
	android:name
		ADDED from ease_ui/ChatDemoUI3.0/AndroidManifest.xml:198:13-67
receiver#com.hyphenate.chatuidemo.receiver.GCMPushBroadCast
ADDED from ease_ui/ChatDemoUI3.0/AndroidManifest.xml:201:9-209:20
	android:exported
		ADDED from ease_ui/ChatDemoUI3.0/AndroidManifest.xml:203:13-37
	android:name
		ADDED from ease_ui/ChatDemoUI3.0/AndroidManifest.xml:202:13-54
intent-filter#com.hyphenate.chatuidemo+com.hyphenate.sdk.push
ADDED from ease_ui/ChatDemoUI3.0/AndroidManifest.xml:204:13-208:29
action#com.hyphenate.sdk.push
ADDED from ease_ui/ChatDemoUI3.0/AndroidManifest.xml:205:17-65
	android:name
		ADDED from ease_ui/ChatDemoUI3.0/AndroidManifest.xml:205:25-62
service#com.xiaomi.mipush.sdk.PushMessageHandler
ADDED from ease_ui/ChatDemoUI3.0/AndroidManifest.xml:214:9-218:46
	android:enabled
		ADDED from ease_ui/ChatDemoUI3.0/AndroidManifest.xml:216:13-35
	android:exported
		ADDED from ease_ui/ChatDemoUI3.0/AndroidManifest.xml:217:13-36
	tools:ignore
		ADDED from ease_ui/ChatDemoUI3.0/AndroidManifest.xml:218:13-43
	android:name
		ADDED from ease_ui/ChatDemoUI3.0/AndroidManifest.xml:215:13-68
service#com.xiaomi.mipush.sdk.MessageHandleService
ADDED from ease_ui/ChatDemoUI3.0/AndroidManifest.xml:219:9-221:38
	android:enabled
		ADDED from ease_ui/ChatDemoUI3.0/AndroidManifest.xml:221:13-35
	android:name
		ADDED from ease_ui/ChatDemoUI3.0/AndroidManifest.xml:220:13-70
receiver#com.hyphenate.chat.EMMipushReceiver
ADDED from ease_ui/ChatDemoUI3.0/AndroidManifest.xml:223:9-236:20
	android:exported
		ADDED from ease_ui/ChatDemoUI3.0/AndroidManifest.xml:225:13-36
	tools:ignore
		ADDED from ease_ui/ChatDemoUI3.0/AndroidManifest.xml:226:13-44
	android:name
		ADDED from ease_ui/ChatDemoUI3.0/AndroidManifest.xml:224:13-63
intent-filter#com.xiaomi.mipush.RECEIVE_MESSAGE
ADDED from ease_ui/ChatDemoUI3.0/AndroidManifest.xml:227:13-229:29
action#com.xiaomi.mipush.RECEIVE_MESSAGE
ADDED from ease_ui/ChatDemoUI3.0/AndroidManifest.xml:228:17-76
	android:name
		ADDED from ease_ui/ChatDemoUI3.0/AndroidManifest.xml:228:25-73
intent-filter#com.xiaomi.mipush.MESSAGE_ARRIVED
ADDED from ease_ui/ChatDemoUI3.0/AndroidManifest.xml:230:13-232:29
action#com.xiaomi.mipush.MESSAGE_ARRIVED
ADDED from ease_ui/ChatDemoUI3.0/AndroidManifest.xml:231:17-76
	android:name
		ADDED from ease_ui/ChatDemoUI3.0/AndroidManifest.xml:231:25-73
intent-filter#com.xiaomi.mipush.ERROR
ADDED from ease_ui/ChatDemoUI3.0/AndroidManifest.xml:233:13-235:29
action#com.xiaomi.mipush.ERROR
ADDED from ease_ui/ChatDemoUI3.0/AndroidManifest.xml:234:17-66
	android:name
		ADDED from ease_ui/ChatDemoUI3.0/AndroidManifest.xml:234:25-63
receiver#com.hyphenate.chat.EMHuaweiPushReceiver
ADDED from ease_ui/ChatDemoUI3.0/AndroidManifest.xml:241:9-255:20
	android:exported
		ADDED from ease_ui/ChatDemoUI3.0/AndroidManifest.xml:243:13-36
	android:name
		ADDED from ease_ui/ChatDemoUI3.0/AndroidManifest.xml:242:13-67
intent-filter#com.huawei.android.push.intent.RECEIVE+com.huawei.android.push.intent.REGISTRATION
ADDED from ease_ui/ChatDemoUI3.0/AndroidManifest.xml:244:13-250:29
action#com.huawei.android.push.intent.REGISTRATION
ADDED from ease_ui/ChatDemoUI3.0/AndroidManifest.xml:247:17-86
	android:name
		ADDED from ease_ui/ChatDemoUI3.0/AndroidManifest.xml:247:25-83
action#com.huawei.android.push.intent.RECEIVE
ADDED from ease_ui/ChatDemoUI3.0/AndroidManifest.xml:249:17-81
	android:name
		ADDED from ease_ui/ChatDemoUI3.0/AndroidManifest.xml:249:25-78
meta-data#CS_cloud_ablitity
ADDED from ease_ui/ChatDemoUI3.0/AndroidManifest.xml:252:13-254:56
	android:value
		ADDED from ease_ui/ChatDemoUI3.0/AndroidManifest.xml:254:17-53
	android:name
		ADDED from ease_ui/ChatDemoUI3.0/AndroidManifest.xml:253:17-49
receiver#com.huawei.android.pushagent.PushEventReceiver
ADDED from ease_ui/ChatDemoUI3.0/AndroidManifest.xml:258:9-268:20
	android:process
		ADDED from ease_ui/ChatDemoUI3.0/AndroidManifest.xml:261:13-43
	android:exported
		ADDED from ease_ui/ChatDemoUI3.0/AndroidManifest.xml:260:13-36
	android:name
		ADDED from ease_ui/ChatDemoUI3.0/AndroidManifest.xml:259:13-74
intent-filter#com.huawei.android.push.PLUGIN+com.huawei.android.push.intent.REFRESH_PUSH_CHANNEL+com.huawei.intent.action.PUSH+com.huawei.intent.action.PUSH_ON
ADDED from ease_ui/ChatDemoUI3.0/AndroidManifest.xml:262:13-267:29
action#com.huawei.android.push.intent.REFRESH_PUSH_CHANNEL
ADDED from ease_ui/ChatDemoUI3.0/AndroidManifest.xml:263:17-94
	android:name
		ADDED from ease_ui/ChatDemoUI3.0/AndroidManifest.xml:263:25-91
action#com.huawei.intent.action.PUSH
ADDED from ease_ui/ChatDemoUI3.0/AndroidManifest.xml:264:17-72
	android:name
		ADDED from ease_ui/ChatDemoUI3.0/AndroidManifest.xml:264:25-69
action#com.huawei.intent.action.PUSH_ON
ADDED from ease_ui/ChatDemoUI3.0/AndroidManifest.xml:265:17-75
	android:name
		ADDED from ease_ui/ChatDemoUI3.0/AndroidManifest.xml:265:25-72
action#com.huawei.android.push.PLUGIN
ADDED from ease_ui/ChatDemoUI3.0/AndroidManifest.xml:266:17-73
	android:name
		ADDED from ease_ui/ChatDemoUI3.0/AndroidManifest.xml:266:25-70
service#com.huawei.android.pushagent.PushService
ADDED from ease_ui/ChatDemoUI3.0/AndroidManifest.xml:271:9-273:46
	android:process
		ADDED from ease_ui/ChatDemoUI3.0/AndroidManifest.xml:273:13-43
	android:name
		ADDED from ease_ui/ChatDemoUI3.0/AndroidManifest.xml:272:13-68
service#com.umeng.update.net.DownloadingService
ADDED from ease_ui/ChatDemoUI3.0/AndroidManifest.xml:277:9-279:53
	android:process
		ADDED from ease_ui/ChatDemoUI3.0/AndroidManifest.xml:279:13-50
	android:name
		ADDED from ease_ui/ChatDemoUI3.0/AndroidManifest.xml:278:13-67
activity#com.umeng.update.UpdateDialogActivity
ADDED from ease_ui/ChatDemoUI3.0/AndroidManifest.xml:281:9-283:75
	android:theme
		ADDED from ease_ui/ChatDemoUI3.0/AndroidManifest.xml:283:13-72
	android:name
		ADDED from ease_ui/ChatDemoUI3.0/AndroidManifest.xml:282:13-65
meta-data#EASEMOB_APPKEY
ADDED from ease_ui/ChatDemoUI3.0/AndroidManifest.xml:286:9-288:57
	android:value
		ADDED from ease_ui/ChatDemoUI3.0/AndroidManifest.xml:288:13-54
	android:name
		ADDED from ease_ui/ChatDemoUI3.0/AndroidManifest.xml:287:13-42
service#com.hyphenate.chat.EMChatService
ADDED from ease_ui/ChatDemoUI3.0/AndroidManifest.xml:290:9-293:46
	android:exported
		ADDED from ease_ui/ChatDemoUI3.0/AndroidManifest.xml:292:13-36
	tools:ignore
		ADDED from ease_ui/ChatDemoUI3.0/AndroidManifest.xml:293:13-43
	android:name
		ADDED from ease_ui/ChatDemoUI3.0/AndroidManifest.xml:291:13-60
service#com.hyphenate.chat.EMJobService
ADDED from ease_ui/ChatDemoUI3.0/AndroidManifest.xml:294:9-297:72
	android:exported
		ADDED from ease_ui/ChatDemoUI3.0/AndroidManifest.xml:296:13-36
	android:permission
		ADDED from ease_ui/ChatDemoUI3.0/AndroidManifest.xml:297:13-69
	android:name
		ADDED from ease_ui/ChatDemoUI3.0/AndroidManifest.xml:295:13-59
receiver#com.hyphenate.chat.EMMonitorReceiver
ADDED from ease_ui/ChatDemoUI3.0/AndroidManifest.xml:300:9-311:20
	android:name
		ADDED from ease_ui/ChatDemoUI3.0/AndroidManifest.xml:300:19-70
intent-filter#android.intent.action.PACKAGE_REMOVED
ADDED from ease_ui/ChatDemoUI3.0/AndroidManifest.xml:301:13-305:29
action#android.intent.action.PACKAGE_REMOVED
ADDED from ease_ui/ChatDemoUI3.0/AndroidManifest.xml:302:17-80
	android:name
		ADDED from ease_ui/ChatDemoUI3.0/AndroidManifest.xml:302:25-77
data
ADDED from ease_ui/ChatDemoUI3.0/AndroidManifest.xml:304:17-50
	android:scheme
		ADDED from ease_ui/ChatDemoUI3.0/AndroidManifest.xml:304:23-47
intent-filter#android.intent.action.BOOT_COMPLETED+android.intent.action.USER_PRESENT
ADDED from ease_ui/ChatDemoUI3.0/AndroidManifest.xml:307:13-310:29
action#android.intent.action.USER_PRESENT
ADDED from ease_ui/ChatDemoUI3.0/AndroidManifest.xml:309:17-77
	android:name
		ADDED from ease_ui/ChatDemoUI3.0/AndroidManifest.xml:309:25-74
service#com.baidu.location.f
ADDED from ease_ui/ChatDemoUI3.0/AndroidManifest.xml:314:9-317:41
	android:enabled
		ADDED from ease_ui/ChatDemoUI3.0/AndroidManifest.xml:316:13-35
	android:process
		ADDED from ease_ui/ChatDemoUI3.0/AndroidManifest.xml:317:13-38
	android:name
		ADDED from ease_ui/ChatDemoUI3.0/AndroidManifest.xml:315:13-48
meta-data#UMENG_APPKEY
ADDED from ease_ui/ChatDemoUI3.0/AndroidManifest.xml:319:9-321:56
	android:value
		ADDED from ease_ui/ChatDemoUI3.0/AndroidManifest.xml:321:13-53
	android:name
		ADDED from ease_ui/ChatDemoUI3.0/AndroidManifest.xml:320:13-40
meta-data#UMENG_CHANNEL
ADDED from ease_ui/ChatDemoUI3.0/AndroidManifest.xml:322:9-324:41
	android:value
		ADDED from ease_ui/ChatDemoUI3.0/AndroidManifest.xml:324:13-38
	android:name
		ADDED from ease_ui/ChatDemoUI3.0/AndroidManifest.xml:323:13-41
meta-data#com.baidu.lbsapi.API_KEY
ADDED from ease_ui/ChatDemoUI3.0/AndroidManifest.xml:325:9-327:64
	android:value
		ADDED from ease_ui/ChatDemoUI3.0/AndroidManifest.xml:327:13-61
	android:name
		ADDED from ease_ui/ChatDemoUI3.0/AndroidManifest.xml:326:13-52